<?xml version="1.0" encoding="UTF-8"?>
<testng-results skipped="0" failed="0" ignored="0" total="3" passed="3">
  <reporter-output>
  </reporter-output>
  <suite name="Default suite" duration-ms="102310" started-at="2019-01-25T11:20:19Z" finished-at="2019-01-25T11:22:02Z">
    <groups>
    </groups>
    <test name="Default test" duration-ms="102310" started-at="2019-01-25T11:20:19Z" finished-at="2019-01-25T11:22:02Z">
      <class name="com.PHP.testcases.HomepageTest">
        <test-method status="PASS" signature="setUp()[pri:0, instance:com.PHP.testcases.HomepageTest@1d8d30f7]" name="setUp" is-config="true" duration-ms="20826" started-at="2019-01-25T11:20:19Z" finished-at="2019-01-25T11:20:40Z">
          <reporter-output>
          </reporter-output>
        </test-method> <!-- setUp -->
        <test-method status="PASS" signature="verifyHomepageTitleTest()[pri:1, instance:com.PHP.testcases.HomepageTest@1d8d30f7]" name="verifyHomepageTitleTest" duration-ms="19" started-at="2019-01-25T11:20:40Z" finished-at="2019-01-25T11:20:40Z">
          <reporter-output>
          </reporter-output>
        </test-method> <!-- verifyHomepageTitleTest -->
        <test-method status="PASS" signature="setUp()[pri:0, instance:com.PHP.testcases.HomepageTest@1d8d30f7]" name="setUp" is-config="true" duration-ms="29655" started-at="2019-01-25T11:20:40Z" finished-at="2019-01-25T11:21:10Z">
          <reporter-output>
          </reporter-output>
        </test-method> <!-- setUp -->
        <test-method status="PASS" signature="verifyhotelstest()[pri:2, instance:com.PHP.testcases.HomepageTest@1d8d30f7]" name="verifyhotelstest" duration-ms="9111" started-at="2019-01-25T11:21:10Z" finished-at="2019-01-25T11:21:19Z">
          <reporter-output>
          </reporter-output>
        </test-method> <!-- verifyhotelstest -->
        <test-method status="PASS" signature="setUp()[pri:0, instance:com.PHP.testcases.HomepageTest@1d8d30f7]" name="setUp" is-config="true" duration-ms="30956" started-at="2019-01-25T11:21:19Z" finished-at="2019-01-25T11:21:50Z">
          <reporter-output>
          </reporter-output>
        </test-method> <!-- setUp -->
        <test-method status="PASS" signature="verifyflightstest()[pri:3, instance:com.PHP.testcases.HomepageTest@1d8d30f7]" name="verifyflightstest" duration-ms="11706" started-at="2019-01-25T11:21:50Z" finished-at="2019-01-25T11:22:02Z">
          <reporter-output>
          </reporter-output>
        </test-method> <!-- verifyflightstest -->
      </class> <!-- com.PHP.testcases.HomepageTest -->
    </test> <!-- Default test -->
  </suite> <!-- Default suite -->
</testng-results>
