<?xml version="1.0" encoding="UTF-8"?>
<testng-results skipped="0" failed="0" ignored="0" total="2" passed="2">
  <reporter-output>
  </reporter-output>
  <suite name="Default suite" duration-ms="73" started-at="2018-12-31T11:06:23Z" finished-at="2018-12-31T11:06:23Z">
    <groups>
    </groups>
    <test name="Default test" duration-ms="73" started-at="2018-12-31T11:06:23Z" finished-at="2018-12-31T11:06:23Z">
      <class name="TestNG_Sessions.Dependency_In_TestNG">
        <test-method status="PASS" signature="test1()[pri:0, instance:TestNG_Sessions.Dependency_In_TestNG@5a1c0542]" name="test1" duration-ms="16" started-at="2018-12-31T11:06:23Z" finished-at="2018-12-31T11:06:23Z">
          <reporter-output>
          </reporter-output>
        </test-method> <!-- test1 -->
        <test-method status="PASS" signature="test2()[pri:0, instance:TestNG_Sessions.Dependency_In_TestNG@5a1c0542]" name="test2" duration-ms="4" started-at="2018-12-31T11:06:23Z" depends-on-methods="TestNG_Sessions.Dependency_In_TestNG.test1" finished-at="2018-12-31T11:06:23Z">
          <reporter-output>
          </reporter-output>
        </test-method> <!-- test2 -->
      </class> <!-- TestNG_Sessions.Dependency_In_TestNG -->
    </test> <!-- Default test -->
  </suite> <!-- Default suite -->
</testng-results>
