<?xml version="1.0" encoding="UTF-8"?>
<!-- Generated by org.testng.reporters.JUnitXMLReporter -->
<testsuite hostname="minds" ignored="0" name="FreeCRM Appl" tests="7" failures="0" timestamp="07 Jan 2019 07:14:00 GMT" time="405.051" errors="0">
  <testcase name="verifyHomepageTitleTest" time="0.302" classname="com.crm.qa.testcases.HomePageTest"/>
  <testcase name="loginPageTitleTest" time="0.013" classname="com.crm.qa.testcases.LoginPageTest"/>
  <testcase name="selectContactsTest" time="6.295" classname="com.crm.qa.testcases.ContactspageTest"/>
  <testcase name="verifyUserNameTest" time="0.36" classname="com.crm.qa.testcases.HomePageTest"/>
  <testcase name="crmlogoImageTest" time="0.208" classname="com.crm.qa.testcases.LoginPageTest"/>
  <testcase name="verifyContactsLinktest" time="5.183" classname="com.crm.qa.testcases.HomePageTest"/>
  <testcase name="loginTest" time="14.902" classname="com.crm.qa.testcases.LoginPageTest"/>
</testsuite> <!-- FreeCRM Appl -->
