<?xml version="1.0" encoding="UTF-8"?>
<!-- Generated by org.testng.reporters.JUnitXMLReporter -->
<testsuite hostname="minds" ignored="0" name="Default test" tests="3" failures="0" timestamp="25 Jan 2019 11:22:02 GMT" time="102.31" errors="0">
  <testcase name="verifyHomepageTitleTest" time="0.019" classname="com.PHP.testcases.HomepageTest"/>
  <testcase name="verifyhotelstest" time="9.111" classname="com.PHP.testcases.HomepageTest"/>
  <testcase name="verifyflightstest" time="11.706" classname="com.PHP.testcases.HomepageTest"/>
</testsuite> <!-- Default test -->
