<?xml version="1.0" encoding="UTF-8"?>
<!-- Generated by org.testng.reporters.JUnitXMLReporter -->
<testsuite hostname="minds" ignored="2" name="Default test" tests="1" failures="0" timestamp="01 Feb 2019 10:15:27 GMT" time="78.432" errors="0">
  <testcase name="validatecreateAddHotel" time="56.306" classname="com.PHP.testcases.HotelspageTest"/>
  <testcase name="verifyAddbutton" time="0.0" classname="com.PHP.testcases.HotelspageTest">
    <ignored/>
  </testcase> <!-- verifyAddbutton -->
  <testcase name="verifyHotellabel" time="0.0" classname="com.PHP.testcases.HotelspageTest">
    <ignored/>
  </testcase> <!-- verifyHotellabel -->
</testsuite> <!-- Default test -->
