<?xml version="1.0" encoding="UTF-8"?>
<testng-results skipped="0" failed="0" ignored="0" total="1" passed="1">
  <reporter-output>
  </reporter-output>
  <suite name="Default suite" duration-ms="179084" started-at="2019-02-08T10:19:29Z" finished-at="2019-02-08T10:22:28Z">
    <groups>
    </groups>
    <test name="Default test" duration-ms="179084" started-at="2019-02-08T10:19:29Z" finished-at="2019-02-08T10:22:28Z">
      <class name="com.lati.testcases.AdminstratorTest">
        <test-method status="PASS" signature="setUp()[pri:0, instance:com.lati.testcases.AdminstratorTest@c038203]" name="setUp" is-config="true" duration-ms="22663" started-at="2019-02-08T15:49:29Z" finished-at="2019-02-08T15:49:52Z">
          <reporter-output>
          </reporter-output>
        </test-method> <!-- setUp -->
        <test-method status="PASS" signature="clickOnAddCourse(java.lang.String, java.lang.String, java.lang.String, java.lang.String, java.lang.String, java.lang.String, java.lang.String, java.lang.String)[pri:1, instance:com.lati.testcases.AdminstratorTest@c038203]" name="clickOnAddCourse" duration-ms="155670" started-at="2019-02-08T15:49:52Z" data-provider="getLATITestData" finished-at="2019-02-08T15:52:28Z">
          <params>
            <param index="0">
              <value>
                <![CDATA[CSE04]]>
              </value>
            </param>
            <param index="1">
              <value>
                <![CDATA[Maths]]>
              </value>
            </param>
            <param index="2">
              <value>
                <![CDATA[1000.0]]>
              </value>
            </param>
            <param index="3">
              <value>
                <![CDATA[It is Maths subject]]>
              </value>
            </param>
            <param index="4">
              <value>
                <![CDATA[Students]]>
              </value>
            </param>
            <param index="5">
              <value>
                <![CDATA[10.0]]>
              </value>
            </param>
            <param index="6">
              <value>
                <![CDATA[Science]]>
              </value>
            </param>
            <param index="7">
              <value>
                <![CDATA[classroom]]>
              </value>
            </param>
          </params>
          <reporter-output>
          </reporter-output>
        </test-method> <!-- clickOnAddCourse -->
      </class> <!-- com.lati.testcases.AdminstratorTest -->
    </test> <!-- Default test -->
  </suite> <!-- Default suite -->
</testng-results>
